## Footprint report - date 27/09/2019 08:18:20
## Created by Pcbnew version kicad (5.1.2)-1
## Unit = mm, Angle = deg.

$BeginDESCRIPTION

$BOARD
upper_left_corner 79.984999 70.362500
lower_right_corner 135.218335 111.785001
$EndBOARD

$MODULE "G***"
reference "G***"
value "LOGO"
footprint "logo:A"
attribut none
position 114.300000 83.820000  orientation 0.00
layer front
$EndMODULE  G***

$MODULE "D3"
reference "D3"
value "MBR0540"
footprint "Diode_SMD:D_SOD-123"
attribut smd
position 106.680000 95.250000  orientation 0.00
layer front
$PAD "1"
Shape Rect Layer front
position -1.650000  0.000000  size  0.900000  1.200000  orientation 0.00
drill  0.000000
shape_offset  0.000000  0.000000
$EndPAD
$PAD "2"
Shape Rect Layer front
position  1.650000  0.000000  size  0.900000  1.200000  orientation 0.00
drill  0.000000
shape_offset  0.000000  0.000000
$EndPAD
$EndMODULE  D3

$MODULE "J1"
reference "J1"
value "Conn_01x02"
footprint "Connector_Wire:SolderWirePad_1x02_P3.81mm_Drill0.8mm"
attribut virtual
position 83.820000 87.630000  orientation 270.00
layer front
$PAD "2"
Shape Cercle Layer both
position  3.810000  0.000000  size  1.998980  1.998980  orientation 0.00
drill  0.800100
shape_offset  0.000000  0.000000
$EndPAD
$PAD "1"
Shape Rect Layer both
position  0.000000  0.000000  size  1.998980  1.998980  orientation 0.00
drill  0.800100
shape_offset  0.000000  0.000000
$EndPAD
$EndMODULE  J1

$MODULE "J2"
reference "J2"
value "Conn_01x02"
footprint "Connector_Wire:SolderWirePad_1x02_P3.81mm_Drill0.8mm"
attribut virtual
position 104.140000 107.950000  orientation 180.00
layer front
$PAD "2"
Shape Cercle Layer both
position  3.810000  0.000000  size  1.998980  1.998980  orientation 0.00
drill  0.800100
shape_offset  0.000000  0.000000
$EndPAD
$PAD "1"
Shape Rect Layer both
position  0.000000  0.000000  size  1.998980  1.998980  orientation 0.00
drill  0.800100
shape_offset  0.000000  0.000000
$EndPAD
$EndMODULE  J2

$MODULE "J3"
reference "J3"
value "Conn_01x02"
footprint "Connector_Wire:SolderWirePad_1x02_P3.81mm_Drill0.8mm"
attribut virtual
position 83.820000 97.790000  orientation 270.00
layer front
$PAD "1"
Shape Rect Layer both
position  0.000000  0.000000  size  1.998980  1.998980  orientation 0.00
drill  0.800100
shape_offset  0.000000  0.000000
$EndPAD
$PAD "2"
Shape Cercle Layer both
position  3.810000  0.000000  size  1.998980  1.998980  orientation 0.00
drill  0.800100
shape_offset  0.000000  0.000000
$EndPAD
$EndMODULE  J3

$MODULE "J4"
reference "J4"
value "Conn_01x02"
footprint "Connector_Wire:SolderWirePad_1x02_P3.81mm_Drill0.8mm"
attribut virtual
position 114.300000 96.520000  orientation 90.00
layer front
$PAD "1"
Shape Rect Layer both
position  0.000000  0.000000  size  1.998980  1.998980  orientation 0.00
drill  0.800100
shape_offset  0.000000  0.000000
$EndPAD
$PAD "2"
Shape Cercle Layer both
position  3.810000  0.000000  size  1.998980  1.998980  orientation 0.00
drill  0.800100
shape_offset  0.000000  0.000000
$EndPAD
$EndMODULE  J4

$MODULE "L1"
reference "L1"
value "4µH"
footprint "Inductor_SMD:L_7.3x7.3_H4.5"
attribut smd
position 106.680000 87.630000  orientation 270.00
layer front
$PAD "1"
Shape Rect Layer front
position -3.200000  0.000000  size  1.500000  2.200000  orientation 0.00
drill  0.000000
shape_offset  0.000000  0.000000
$EndPAD
$PAD "2"
Shape Rect Layer front
position  3.200000  0.000000  size  1.500000  2.200000  orientation 0.00
drill  0.000000
shape_offset  0.000000  0.000000
$EndPAD
$EndMODULE  L1

$MODULE "R1"
reference "R1"
value "1K"
footprint "Resistor_SMD:R_0603_1608Metric_Pad1.05x0.95mm_HandSolder"
attribut smd
position 88.900000 97.790000  orientation 0.00
layer front
$PAD "2"
Shape Rectarrondi Layer front
position  0.875000  0.000000  size  1.050000  0.950000  orientation 0.00
drill  0.000000
shape_offset  0.000000  0.000000
$EndPAD
$PAD "1"
Shape Rectarrondi Layer front
position -0.875000  0.000000  size  1.050000  0.950000  orientation 0.00
drill  0.000000
shape_offset  0.000000  0.000000
$EndPAD
$EndMODULE  R1

$MODULE "R2"
reference "R2"
value "1K"
footprint "Resistor_SMD:R_0603_1608Metric_Pad1.05x0.95mm_HandSolder"
attribut smd
position 92.710000 97.790000  orientation 0.00
layer front
$PAD "1"
Shape Rectarrondi Layer front
position -0.875000  0.000000  size  1.050000  0.950000  orientation 0.00
drill  0.000000
shape_offset  0.000000  0.000000
$EndPAD
$PAD "2"
Shape Rectarrondi Layer front
position  0.875000  0.000000  size  1.050000  0.950000  orientation 0.00
drill  0.000000
shape_offset  0.000000  0.000000
$EndPAD
$EndMODULE  R2

$MODULE "R3"
reference "R3"
value "1.2K"
footprint "Resistor_SMD:R_0603_1608Metric_Pad1.05x0.95mm_HandSolder"
attribut smd
position 96.520000 97.790000  orientation 0.00
layer front
$PAD "2"
Shape Rectarrondi Layer front
position  0.875000  0.000000  size  1.050000  0.950000  orientation 0.00
drill  0.000000
shape_offset  0.000000  0.000000
$EndPAD
$PAD "1"
Shape Rectarrondi Layer front
position -0.875000  0.000000  size  1.050000  0.950000  orientation 0.00
drill  0.000000
shape_offset  0.000000  0.000000
$EndPAD
$EndMODULE  R3

$MODULE "R4"
reference "R4"
value "1K"
footprint "Resistor_SMD:R_0603_1608Metric_Pad1.05x0.95mm_HandSolder"
attribut smd
position 96.520000 102.870000  orientation 0.00
layer front
$PAD "1"
Shape Rectarrondi Layer front
position -0.875000  0.000000  size  1.050000  0.950000  orientation 0.00
drill  0.000000
shape_offset  0.000000  0.000000
$EndPAD
$PAD "2"
Shape Rectarrondi Layer front
position  0.875000  0.000000  size  1.050000  0.950000  orientation 0.00
drill  0.000000
shape_offset  0.000000  0.000000
$EndPAD
$EndMODULE  R4

$MODULE "R5"
reference "R5"
value "100"
footprint "Resistor_SMD:R_0603_1608Metric_Pad1.05x0.95mm_HandSolder"
attribut smd
position 92.710000 107.950000  orientation 180.00
layer front
$PAD "1"
Shape Rectarrondi Layer front
position -0.875000  0.000000  size  1.050000  0.950000  orientation 0.00
drill  0.000000
shape_offset  0.000000  0.000000
$EndPAD
$PAD "2"
Shape Rectarrondi Layer front
position  0.875000  0.000000  size  1.050000  0.950000  orientation 0.00
drill  0.000000
shape_offset  0.000000  0.000000
$EndPAD
$EndMODULE  R5

$MODULE "R6"
reference "R6"
value "68"
footprint "Resistor_SMD:R_0603_1608Metric_Pad1.05x0.95mm_HandSolder"
attribut smd
position 97.790000 91.440000  orientation 0.00
layer front
$PAD "2"
Shape Rectarrondi Layer front
position  0.875000  0.000000  size  1.050000  0.950000  orientation 0.00
drill  0.000000
shape_offset  0.000000  0.000000
$EndPAD
$PAD "1"
Shape Rectarrondi Layer front
position -0.875000  0.000000  size  1.050000  0.950000  orientation 0.00
drill  0.000000
shape_offset  0.000000  0.000000
$EndPAD
$EndMODULE  R6

$MODULE "U1"
reference "U1"
value "TP4056"
footprint "kicad-libs-master:SOP-8-208mil"
attribut none
position 91.440000 90.170000  orientation 270.00
layer front
$PAD "1"
Shape Rect Layer front
position -3.950000 -1.905000  size  1.900000  0.600000  orientation 0.00
drill  0.000000
shape_offset  0.000000  0.000000
$EndPAD
$PAD "2"
Shape Rect Layer front
position -3.950000 -0.635000  size  1.900000  0.600000  orientation 0.00
drill  0.000000
shape_offset  0.000000  0.000000
$EndPAD
$PAD "3"
Shape Rect Layer front
position -3.950000  0.635000  size  1.900000  0.600000  orientation 0.00
drill  0.000000
shape_offset  0.000000  0.000000
$EndPAD
$PAD "4"
Shape Rect Layer front
position -3.950000  1.905000  size  1.900000  0.600000  orientation 0.00
drill  0.000000
shape_offset  0.000000  0.000000
$EndPAD
$PAD "5"
Shape Rect Layer front
position  3.950000  1.905000  size  1.900000  0.600000  orientation 0.00
drill  0.000000
shape_offset  0.000000  0.000000
$EndPAD
$PAD "6"
Shape Rect Layer front
position  3.950000  0.635000  size  1.900000  0.600000  orientation 0.00
drill  0.000000
shape_offset  0.000000  0.000000
$EndPAD
$PAD "7"
Shape Rect Layer front
position  3.950000 -0.635000  size  1.900000  0.600000  orientation 0.00
drill  0.000000
shape_offset  0.000000  0.000000
$EndPAD
$PAD "8"
Shape Rect Layer front
position  3.950000 -1.905000  size  1.900000  0.600000  orientation 0.00
drill  0.000000
shape_offset  0.000000  0.000000
$EndPAD
$EndMODULE  U1

$MODULE "U2"
reference "U2"
value "DW01A"
footprint "kicad-libs-master:SOT-23-6"
attribut smd
position 100.330000 100.330000  orientation 180.00
layer front
$PAD "5"
Shape Rect Layer front
position  0.000000 -1.350000  size  0.600000  1.050000  orientation 0.00
drill  0.000000
shape_offset  0.000000  0.000000
$EndPAD
$PAD "6"
Shape Rect Layer front
position -0.950000 -1.350000  size  0.600000  1.050000  orientation 0.00
drill  0.000000
shape_offset  0.000000  0.000000
$EndPAD
$PAD "4"
Shape Rect Layer front
position  0.950000 -1.350000  size  0.600000  1.050000  orientation 0.00
drill  0.000000
shape_offset  0.000000  0.000000
$EndPAD
$PAD "3"
Shape Rect Layer front
position  0.950000  1.350000  size  0.600000  1.050000  orientation 0.00
drill  0.000000
shape_offset  0.000000  0.000000
$EndPAD
$PAD "2"
Shape Rect Layer front
position  0.000000  1.350000  size  0.600000  1.050000  orientation 0.00
drill  0.000000
shape_offset  0.000000  0.000000
$EndPAD
$PAD "1"
Shape Rect Layer front
position -0.950000  1.350000  size  0.600000  1.050000  orientation 0.00
drill  0.000000
shape_offset  0.000000  0.000000
$EndPAD
$EndMODULE  U2

$MODULE "U3"
reference "U3"
value "FS8205A-TSSOP-8"
footprint "kicad-libs-master:SOT-23-6"
attribut smd
position 105.410000 100.330000  orientation 0.00
layer front
$PAD "1"
Shape Rect Layer front
position -0.950000  1.350000  size  0.600000  1.050000  orientation 0.00
drill  0.000000
shape_offset  0.000000  0.000000
$EndPAD
$PAD "2"
Shape Rect Layer front
position  0.000000  1.350000  size  0.600000  1.050000  orientation 0.00
drill  0.000000
shape_offset  0.000000  0.000000
$EndPAD
$PAD "3"
Shape Rect Layer front
position  0.950000  1.350000  size  0.600000  1.050000  orientation 0.00
drill  0.000000
shape_offset  0.000000  0.000000
$EndPAD
$PAD "4"
Shape Rect Layer front
position  0.950000 -1.350000  size  0.600000  1.050000  orientation 0.00
drill  0.000000
shape_offset  0.000000  0.000000
$EndPAD
$PAD "6"
Shape Rect Layer front
position -0.950000 -1.350000  size  0.600000  1.050000  orientation 0.00
drill  0.000000
shape_offset  0.000000  0.000000
$EndPAD
$PAD "5"
Shape Rect Layer front
position  0.000000 -1.350000  size  0.600000  1.050000  orientation 0.00
drill  0.000000
shape_offset  0.000000  0.000000
$EndPAD
$EndMODULE  U3

$MODULE "U4"
reference "U4"
value "LT1615"
footprint "kicad-libs-master:SOT-23-5"
attribut smd
position 97.790000 86.360000  orientation 0.00
layer front
$PAD "1"
Shape Rect Layer front
position -0.950000  1.350000  size  0.600000  1.050000  orientation 0.00
drill  0.000000
shape_offset  0.000000  0.000000
$EndPAD
$PAD "2"
Shape Rect Layer front
position  0.000000  1.350000  size  0.600000  1.050000  orientation 0.00
drill  0.000000
shape_offset  0.000000  0.000000
$EndPAD
$PAD "3"
Shape Rect Layer front
position  0.950000  1.350000  size  0.600000  1.050000  orientation 0.00
drill  0.000000
shape_offset  0.000000  0.000000
$EndPAD
$PAD "4"
Shape Rect Layer front
position  0.950000 -1.350000  size  0.600000  1.050000  orientation 0.00
drill  0.000000
shape_offset  0.000000  0.000000
$EndPAD
$PAD "5"
Shape Rect Layer front
position -0.950000 -1.350000  size  0.600000  1.050000  orientation 0.00
drill  0.000000
shape_offset  0.000000  0.000000
$EndPAD
$EndMODULE  U4

$MODULE "C1"
reference "C1"
value "4µ7"
footprint "Capacitor_SMD:C_0603_1608Metric"
attribut smd
position 85.090000 107.950000  orientation 0.00
layer front
$PAD "2"
Shape Rectarrondi Layer front
position  0.787500  0.000000  size  0.875000  0.950000  orientation 0.00
drill  0.000000
shape_offset  0.000000  0.000000
$EndPAD
$PAD "1"
Shape Rectarrondi Layer front
position -0.787500  0.000000  size  0.875000  0.950000  orientation 0.00
drill  0.000000
shape_offset  0.000000  0.000000
$EndPAD
$EndMODULE  C1

$MODULE "C2"
reference "C2"
value "0.1µF"
footprint "Capacitor_SMD:C_0603_1608Metric_Pad1.05x0.95mm_HandSolder"
attribut smd
position 96.520000 107.950000  orientation 0.00
layer front
$PAD "2"
Shape Rectarrondi Layer front
position  0.875000  0.000000  size  1.050000  0.950000  orientation 0.00
drill  0.000000
shape_offset  0.000000  0.000000
$EndPAD
$PAD "1"
Shape Rectarrondi Layer front
position -0.875000  0.000000  size  1.050000  0.950000  orientation 0.00
drill  0.000000
shape_offset  0.000000  0.000000
$EndPAD
$EndMODULE  C2

$MODULE "C3"
reference "C3"
value "10µF"
footprint "Capacitor_SMD:C_0603_1608Metric_Pad1.05x0.95mm_HandSolder"
attribut smd
position 88.900000 107.950000  orientation 0.00
layer front
$PAD "1"
Shape Rectarrondi Layer front
position -0.875000  0.000000  size  1.050000  0.950000  orientation 0.00
drill  0.000000
shape_offset  0.000000  0.000000
$EndPAD
$PAD "2"
Shape Rectarrondi Layer front
position  0.875000  0.000000  size  1.050000  0.950000  orientation 0.00
drill  0.000000
shape_offset  0.000000  0.000000
$EndPAD
$EndMODULE  C3

$MODULE "C4"
reference "C4"
value "4µ7F"
footprint "Capacitor_SMD:C_0603_1608Metric_Pad1.05x0.95mm_HandSolder"
attribut smd
position 109.220000 107.950000  orientation 0.00
layer front
$PAD "1"
Shape Rectarrondi Layer front
position -0.875000  0.000000  size  1.050000  0.950000  orientation 0.00
drill  0.000000
shape_offset  0.000000  0.000000
$EndPAD
$PAD "2"
Shape Rectarrondi Layer front
position  0.875000  0.000000  size  1.050000  0.950000  orientation 0.00
drill  0.000000
shape_offset  0.000000  0.000000
$EndPAD
$EndMODULE  C4

$MODULE "C5"
reference "C5"
value "1nF"
footprint "Capacitor_SMD:C_0603_1608Metric"
attribut smd
position 110.490000 100.330000  orientation 0.00
layer front
$PAD "1"
Shape Rectarrondi Layer front
position -0.787500  0.000000  size  0.875000  0.950000  orientation 0.00
drill  0.000000
shape_offset  0.000000  0.000000
$EndPAD
$PAD "2"
Shape Rectarrondi Layer front
position  0.787500  0.000000  size  0.875000  0.950000  orientation 0.00
drill  0.000000
shape_offset  0.000000  0.000000
$EndPAD
$EndMODULE  C5

$MODULE "C6"
reference "C6"
value "1µF"
footprint "Capacitor_SMD:C_0603_1608Metric_Pad1.05x0.95mm_HandSolder"
attribut smd
position 100.330000 95.250000  orientation 0.00
layer front
$PAD "2"
Shape Rectarrondi Layer front
position  0.875000  0.000000  size  1.050000  0.950000  orientation 0.00
drill  0.000000
shape_offset  0.000000  0.000000
$EndPAD
$PAD "1"
Shape Rectarrondi Layer front
position -0.875000  0.000000  size  1.050000  0.950000  orientation 0.00
drill  0.000000
shape_offset  0.000000  0.000000
$EndPAD
$EndMODULE  C6

$MODULE "D1"
reference "D1"
value "D"
footprint "Diode_SMD:D_0603_1608Metric"
attribut smd
position 88.900000 102.870000  orientation 0.00
layer front
$PAD "2"
Shape Rectarrondi Layer front
position  0.787500  0.000000  size  0.875000  0.950000  orientation 0.00
drill  0.000000
shape_offset  0.000000  0.000000
$EndPAD
$PAD "1"
Shape Rectarrondi Layer front
position -0.787500  0.000000  size  0.875000  0.950000  orientation 0.00
drill  0.000000
shape_offset  0.000000  0.000000
$EndPAD
$EndMODULE  D1

$MODULE "D2"
reference "D2"
value "D"
footprint "Diode_SMD:D_0603_1608Metric"
attribut smd
position 92.710000 102.870000  orientation 0.00
layer front
$PAD "1"
Shape Rectarrondi Layer front
position -0.787500  0.000000  size  0.875000  0.950000  orientation 0.00
drill  0.000000
shape_offset  0.000000  0.000000
$EndPAD
$PAD "2"
Shape Rectarrondi Layer front
position  0.787500  0.000000  size  0.875000  0.950000  orientation 0.00
drill  0.000000
shape_offset  0.000000  0.000000
$EndPAD
$EndMODULE  D2

$EndDESCRIPTION
